<?xml version="1.0" encoding="UTF-8"?>
<testsuite name="com.github.rsoi.controller.PhoneControllerTest" tests="8" skipped="0" failures="0" errors="0" timestamp="2023-05-09T01:59:41" hostname="Dashas-MBP" time="0.306">
  <properties/>
  <testcase name="testCountMatchingParameters()" classname="com.github.rsoi.controller.PhoneControllerTest" time="0.054"/>
  <testcase name="testDeletePhone()" classname="com.github.rsoi.controller.PhoneControllerTest" time="0.137"/>
  <testcase name="testGetPhonesFailure()" classname="com.github.rsoi.controller.PhoneControllerTest" time="0.029"/>
  <testcase name="testAddPhone()" classname="com.github.rsoi.controller.PhoneControllerTest" time="0.03"/>
  <testcase name="testGetPhonesByRamRange()" classname="com.github.rsoi.controller.PhoneControllerTest" time="0.011"/>
  <testcase name="testSearchPhones()" classname="com.github.rsoi.controller.PhoneControllerTest" time="0.005"/>
  <testcase name="testGetPhones()" classname="com.github.rsoi.controller.PhoneControllerTest" time="0.006"/>
  <testcase name="testGetInternetShop()" classname="com.github.rsoi.controller.PhoneControllerTest" time="0.006"/>
  <system-out><![CDATA[04:59:36.355 [Test worker] DEBUG org.springframework.boot.test.context.SpringBootTestContextBootstrapper - Neither @ContextConfiguration nor @ContextHierarchy found for test class [PhoneControllerTest]: using SpringBootContextLoader
04:59:36.380 [Test worker] DEBUG org.springframework.test.context.support.AbstractContextLoader - Could not detect default resource locations for test class [com.github.rsoi.controller.PhoneControllerTest]: no resource found for suffixes {-context.xml, Context.groovy}.
04:59:36.511 [Test worker] DEBUG org.springframework.boot.test.context.SpringBootTestContextBootstrapper - Using ContextCustomizers for test class [PhoneControllerTest]: [DisableObservabilityContextCustomizer, PropertyMappingContextCustomizer, Customizer, ExcludeFilterContextCustomizer, DuplicateJsonObjectContextCustomizer, MockitoContextCustomizer, TestRestTemplateContextCustomizer]
04:59:37.027 [Test worker] DEBUG org.springframework.boot.test.context.SpringBootTestContextBootstrapper - Using TestExecutionListeners for test class [PhoneControllerTest]: [ServletTestExecutionListener, DirtiesContextBeforeModesTestExecutionListener, ApplicationEventsTestExecutionListener, MockitoTestExecutionListener, DependencyInjectionTestExecutionListener, DirtiesContextTestExecutionListener, TransactionalTestExecutionListener, SqlScriptsTestExecutionListener, EventPublishingTestExecutionListener, RestDocsTestExecutionListener, MockRestServiceServerResetTestExecutionListener, MockMvcPrintOnlyOnFailureTestExecutionListener, WebDriverTestExecutionListener, MockWebServiceServerTestExecutionListener, ResetMocksTestExecutionListener]
04:59:37.031 [Test worker] DEBUG org.springframework.test.context.support.AbstractDirtiesContextTestExecutionListener - Before test class: class [PhoneControllerTest], class annotated with @DirtiesContext [false] with mode [null]

  .   ____          _            __ _ _
 /\\ / ___'_ __ _ _(_)_ __  __ _ \ \ \ \
( ( )\___ | '_ | '_| | '_ \/ _` | \ \ \ \
 \\/  ___)| |_)| | | | | || (_| |  ) ) ) )
  '  |____| .__|_| |_|_| |_\__, | / / / /
 =========|_|==============|___/=/_/_/_/
 :: Spring Boot ::                (v3.0.2)

2023-05-09T04:59:38.809+03:00  INFO 5451 --- [    Test worker] c.g.rsoi.controller.PhoneControllerTest  : Starting PhoneControllerTest using Java 19.0.1 with PID 5451 (started by dashan in /Users/dashan/Documents/proga/RSOI/lab-6-main/application)
2023-05-09T04:59:38.812+03:00  INFO 5451 --- [    Test worker] c.g.rsoi.controller.PhoneControllerTest  : No active profile set, falling back to 1 default profile: "default"
2023-05-09T04:59:41.455+03:00  INFO 5451 --- [    Test worker] c.g.rsoi.controller.PhoneControllerTest  : Started PhoneControllerTest in 4.258 seconds (process running for 8.888)
]]></system-out>
  <system-err><![CDATA[]]></system-err>
</testsuite>
