<?xml version="1.0" encoding="UTF-8"?>
<testsuite name="com.github.rsoi.service.PhoneServiceTests2" tests="2" skipped="0" failures="0" errors="0" timestamp="2023-05-09T01:59:41" hostname="Dashas-MBP" time="0.044">
  <properties/>
  <testcase name="shouldDeletePhoneById()" classname="com.github.rsoi.service.PhoneServiceTests2" time="0.033"/>
  <testcase name="shouldGetAllPhones()" classname="com.github.rsoi.service.PhoneServiceTests2" time="0.007"/>
  <system-out><![CDATA[
  .   ____          _            __ _ _
 /\\ / ___'_ __ _ _(_)_ __  __ _ \ \ \ \
( ( )\___ | '_ | '_| | '_ \/ _` | \ \ \ \
 \\/  ___)| |_)| | | | | || (_| |  ) ) ) )
  '  |____| .__|_| |_|_| |_\__, | / / / /
 =========|_|==============|___/=/_/_/_/
 :: Spring Boot ::                (v3.0.2)

2023-05-09T04:59:41.906+03:00  INFO 5451 --- [    Test worker] c.g.rsoi.service.PhoneServiceTests2      : Starting PhoneServiceTests2 using Java 19.0.1 with PID 5451 (started by dashan in /Users/dashan/Documents/proga/RSOI/lab-6-main/application)
2023-05-09T04:59:41.906+03:00  INFO 5451 --- [    Test worker] c.g.rsoi.service.PhoneServiceTests2      : No active profile set, falling back to 1 default profile: "default"
2023-05-09T04:59:41.935+03:00  INFO 5451 --- [    Test worker] c.g.rsoi.service.PhoneServiceTests2      : Started PhoneServiceTests2 in 0.085 seconds (process running for 9.368)
]]></system-out>
  <system-err><![CDATA[]]></system-err>
</testsuite>
